<?xml version="1.0" encoding="UTF-8"?>
<testsuites name="jest tests" tests="154" failures="0" errors="0" time="6.216">
  <testsuite name="MyEventsScreen" errors="0" failures="0" skipped="0" timestamp="2026-07-29T18:46:49" time="3.237" tests="2">
    <testcase classname="MyEventsScreen renders each registered event" name="MyEventsScreen renders each registered event" time="1.082">
    </testcase>
    <testcase classname="MyEventsScreen shows an empty state with a link to browse events when none registered" name="MyEventsScreen shows an empty state with a link to browse events when none registered" time="0.066">
    </testcase>
  </testsuite>
  <testsuite name="MyOrdersScreen" errors="0" failures="0" skipped="0" timestamp="2026-07-29T18:46:49" time="3.418" tests="2">
    <testcase classname="MyOrdersScreen shows each order with its status" name="MyOrdersScreen shows each order with its status" time="1.206">
    </testcase>
    <testcase classname="MyOrdersScreen shows an empty state when there are no orders" name="MyOrdersScreen shows an empty state when there are no orders" time="0.096">
    </testcase>
  </testsuite>
  <testsuite name="LoginScreen rendering" errors="0" failures="0" skipped="0" timestamp="2026-07-29T18:46:49" time="4.199" tests="6">
    <testcase classname="LoginScreen rendering renders the church title and welcome heading" name="LoginScreen rendering renders the church title and welcome heading" time="1.265">
    </testcase>
    <testcase classname="LoginScreen rendering renders email and password inputs" name="LoginScreen rendering renders email and password inputs" time="0.12">
    </testcase>
    <testcase classname="LoginScreen validation shows an alert when fields are empty" name="LoginScreen validation shows an alert when fields are empty" time="0.074">
    </testcase>
    <testcase classname="LoginScreen login flow calls loginUser with trimmed credentials" name="LoginScreen login flow calls loginUser with trimmed credentials" time="0.135">
    </testcase>
    <testcase classname="LoginScreen login flow calls onLogin with user data on success" name="LoginScreen login flow calls onLogin with user data on success" time="0.119">
    </testcase>
    <testcase classname="LoginScreen login flow shows an alert on login failure" name="LoginScreen login flow shows an alert on login failure" time="0.106">
    </testcase>
  </testsuite>
  <testsuite name="NotificationsScreen" errors="0" failures="0" skipped="0" timestamp="2026-07-29T18:46:52" time="0.833" tests="4">
    <testcase classname="NotificationsScreen renders each notification title and body" name="NotificationsScreen renders each notification title and body" time="0.181">
    </testcase>
    <testcase classname="NotificationsScreen shows an empty state when there are no notifications" name="NotificationsScreen shows an empty state when there are no notifications" time="0.056">
    </testcase>
    <testcase classname="NotificationsScreen marks an unread notification as read when tapped" name="NotificationsScreen marks an unread notification as read when tapped" time="0.066">
    </testcase>
    <testcase classname="NotificationsScreen does not call markNotificationAsRead again for an already-read notification" name="NotificationsScreen does not call markNotificationAsRead again for an already-read notification" time="0.058">
    </testcase>
  </testsuite>
  <testsuite name="HomeScreen rendering" errors="0" failures="0" skipped="0" timestamp="2026-07-29T18:46:52" time="1.337" tests="6">
    <testcase classname="HomeScreen rendering renders without crashing" name="HomeScreen rendering renders without crashing" time="0.23">
    </testcase>
    <testcase classname="HomeScreen rendering shows a greeting" name="HomeScreen rendering shows a greeting" time="0.102">
    </testcase>
    <testcase classname="HomeScreen rendering shows the correct number of districts and congregations" name="HomeScreen rendering shows the correct number of districts and congregations" time="0.06">
    </testcase>
    <testcase classname="HomeScreen events shows a loading indicator initially" name="HomeScreen events shows a loading indicator initially" time="0.027">
    </testcase>
    <testcase classname="HomeScreen events renders upcoming events after loading" name="HomeScreen events renders upcoming events after loading" time="0.173">
    </testcase>
    <testcase classname="HomeScreen events shows empty state when no upcoming events" name="HomeScreen events shows empty state when no upcoming events" time="0.085">
    </testcase>
  </testsuite>
  <testsuite name="StoreScreen" errors="0" failures="0" skipped="0" timestamp="2026-07-29T18:46:49" time="4.633" tests="4">
    <testcase classname="StoreScreen shows each merchandise item" name="StoreScreen shows each merchandise item" time="1.424">
    </testcase>
    <testcase classname="StoreScreen shows an empty state when there is no merchandise" name="StoreScreen shows an empty state when there is no merchandise" time="0.06">
    </testcase>
    <testcase classname="StoreScreen requires a size before placing an order" name="StoreScreen requires a size before placing an order" time="0.088">
    </testcase>
    <testcase classname="StoreScreen creates an order once a size is selected and shows payment details" name="StoreScreen creates an order once a size is selected and shows payment details" time="0.469">
    </testcase>
  </testsuite>
  <testsuite name="AdminScreen rendering" errors="0" failures="0" skipped="0" timestamp="2026-07-29T18:46:49" time="4.872" tests="13">
    <testcase classname="AdminScreen rendering shows loading indicator initially" name="AdminScreen rendering shows loading indicator initially" time="1.339">
    </testcase>
    <testcase classname="AdminScreen rendering renders tabs after loading" name="AdminScreen rendering renders tabs after loading" time="0.277">
    </testcase>
    <testcase classname="AdminScreen rendering renders pending user cards in the Pending tab" name="AdminScreen rendering renders pending user cards in the Pending tab" time="0.109">
    </testcase>
    <testcase classname="AdminScreen error handling shows error alert when loadAll fails" name="AdminScreen error handling shows error alert when loadAll fails" time="0.075">
    </testcase>
    <testcase classname="AdminScreen tab navigation switches to Payments tab when pressed" name="AdminScreen tab navigation switches to Payments tab when pressed" time="0.093">
    </testcase>
    <testcase classname="AdminScreen tab navigation switches to Actions tab when pressed" name="AdminScreen tab navigation switches to Actions tab when pressed" time="0.1">
    </testcase>
    <testcase classname="AdminScreen approve/reject removes user from list after approval" name="AdminScreen approve/reject removes user from list after approval" time="0.148">
    </testcase>
    <testcase classname="AdminScreen approve/reject removes user from list after rejection" name="AdminScreen approve/reject removes user from list after rejection" time="0.079">
    </testcase>
    <testcase classname="AdminScreen approve/reject shows error alert if approval fails" name="AdminScreen approve/reject shows error alert if approval fails" time="0.135">
    </testcase>
    <testcase classname="AdminScreen leader role (cannot approve/reject user registrations) does not show the Pending tab, only Payments and Actions" name="AdminScreen leader role (cannot approve/reject user registrations) does not show the Pending tab, only Payments and Actions" time="0.046">
    </testcase>
    <testcase classname="AdminScreen leader role (cannot approve/reject user registrations) defaults to the Payments tab instead of Pending" name="AdminScreen leader role (cannot approve/reject user registrations) defaults to the Payments tab instead of Pending" time="0.062">
    </testcase>
    <testcase classname="AdminScreen leader role (cannot approve/reject user registrations) never calls getPendingRegistrations for a leader reviewer" name="AdminScreen leader role (cannot approve/reject user registrations) never calls getPendingRegistrations for a leader reviewer" time="0.034">
    </testcase>
    <testcase classname="AdminScreen leader role (cannot approve/reject user registrations) hides the &quot;Pending Approvals&quot; quick action" name="AdminScreen leader role (cannot approve/reject user registrations) hides the &quot;Pending Approvals&quot; quick action" time="0.081">
    </testcase>
  </testsuite>
  <testsuite name="MyPrayerRequestsScreen" errors="0" failures="0" skipped="0" timestamp="2026-07-29T18:46:53" time="0.661" tests="2">
    <testcase classname="MyPrayerRequestsScreen renders the current user&apos;s own requests" name="MyPrayerRequestsScreen renders the current user&apos;s own requests" time="0.204">
    </testcase>
    <testcase classname="MyPrayerRequestsScreen shows an empty state with a link to the Prayer Wall when none submitted" name="MyPrayerRequestsScreen shows an empty state with a link to the Prayer Wall when none submitted" time="0.064">
    </testcase>
  </testsuite>
  <testsuite name="ROLES" errors="0" failures="0" skipped="0" timestamp="2026-07-29T18:46:53" time="0.494" tests="15">
    <testcase classname="ROLES defines all four roles" name="ROLES defines all four roles" time="0.002">
    </testcase>
    <testcase classname="USER_STATUS defines all required status values" name="USER_STATUS defines all required status values" time="0.017">
    </testcase>
    <testcase classname="DISTRICTS contains exactly 9 districts" name="DISTRICTS contains exactly 9 districts" time="0.001">
    </testcase>
    <testcase classname="DISTRICTS every district has required fields" name="DISTRICTS every district has required fields" time="0.006">
    </testcase>
    <testcase classname="DISTRICTS district ids are unique" name="DISTRICTS district ids are unique" time="0.001">
    </testcase>
    <testcase classname="DISTRICTS is sorted alphabetically by name (regression)" name="DISTRICTS is sorted alphabetically by name (regression)" time="0.001">
    </testcase>
    <testcase classname="DISTRICTS includes Boland and does not include West Coast (regression)" name="DISTRICTS includes Boland and does not include West Coast (regression)" time="0.001">
    </testcase>
    <testcase classname="DISTRICTS each congregation group within CONGREGATIONS is sorted alphabetically (regression)" name="DISTRICTS each congregation group within CONGREGATIONS is sorted alphabetically (regression)" time="0.015">
    </testcase>
    <testcase classname="CONGREGATIONS contains 81 congregations" name="CONGREGATIONS contains 81 congregations" time="0">
    </testcase>
    <testcase classname="CONGREGATIONS every congregation has a name and district" name="CONGREGATIONS every congregation has a name and district" time="0.026">
    </testcase>
    <testcase classname="CONGREGATIONS all district references match a known district name" name="CONGREGATIONS all district references match a known district name" time="0.029">
    </testcase>
    <testcase classname="BANK_DETAILS has required banking fields" name="BANK_DETAILS has required banking fields" time="0">
    </testcase>
    <testcase classname="NATIONAL_BOARD has exactly 8 members" name="NATIONAL_BOARD has exactly 8 members" time="0">
    </testcase>
    <testcase classname="NATIONAL_BOARD every member has a name and portfolio" name="NATIONAL_BOARD every member has a name and portfolio" time="0.002">
    </testcase>
    <testcase classname="NATIONAL_BOARD Children ministry has correct apostrophe (regression)" name="NATIONAL_BOARD Children ministry has correct apostrophe (regression)" time="0">
    </testcase>
  </testsuite>
  <testsuite name="loginUser" errors="0" failures="0" skipped="0" timestamp="2026-07-29T18:46:53" time="0.431" tests="23">
    <testcase classname="loginUser returns user data for an approved member" name="loginUser returns user data for an approved member" time="0.004">
    </testcase>
    <testcase classname="loginUser signs out and throws for a pending user" name="loginUser signs out and throws for a pending user" time="0.024">
    </testcase>
    <testcase classname="loginUser signs out and throws for a rejected user" name="loginUser signs out and throws for a rejected user" time="0">
    </testcase>
    <testcase classname="loginUser creates a Firestore profile if none exists" name="loginUser creates a Firestore profile if none exists" time="0.001">
    </testcase>
    <testcase classname="loginUser throws a friendly message for wrong-password error" name="loginUser throws a friendly message for wrong-password error" time="0.001">
    </testcase>
    <testcase classname="loginUser throws a friendly message for user-not-found error" name="loginUser throws a friendly message for user-not-found error" time="0.001">
    </testcase>
    <testcase classname="registerUser auto-approves members" name="registerUser auto-approves members" time="0.002">
    </testcase>
    <testcase classname="registerUser sets status=pending for leaders" name="registerUser sets status=pending for leaders" time="0.001">
    </testcase>
    <testcase classname="registerUser rolls back auth user if Firestore write fails" name="registerUser rolls back auth user if Firestore write fails" time="0.001">
    </testcase>
    <testcase classname="registerUser throws friendly message for duplicate email" name="registerUser throws friendly message for duplicate email" time="0.001">
    </testcase>
    <testcase classname="approveUser calls updateDoc with approved status" name="approveUser calls updateDoc with approved status" time="0.002">
    </testcase>
    <testcase classname="approveUser creates an approval_status notification for the approved user" name="approveUser creates an approval_status notification for the approved user" time="0.001">
    </testcase>
    <testcase classname="approveUser throws friendly message on permission-denied" name="approveUser throws friendly message on permission-denied" time="0">
    </testcase>
    <testcase classname="rejectUser calls updateDoc with rejected status" name="rejectUser calls updateDoc with rejected status" time="0.007">
    </testcase>
    <testcase classname="rejectUser creates an approval_status notification including the rejection reason" name="rejectUser creates an approval_status notification including the rejection reason" time="0">
    </testcase>
    <testcase classname="rejectUser throws friendly message on permission-denied" name="rejectUser throws friendly message on permission-denied" time="0.001">
    </testcase>
    <testcase classname="getPendingRegistrations returns an array of pending users" name="getPendingRegistrations returns an array of pending users" time="0.002">
    </testcase>
    <testcase classname="getPendingRegistrations throws if the query fails" name="getPendingRegistrations throws if the query fails" time="0.001">
    </testcase>
    <testcase classname="getCurrentUser returns null when no user is signed in" name="getCurrentUser returns null when no user is signed in" time="0.001">
    </testcase>
    <testcase classname="getCurrentUser returns the user profile when signed in" name="getCurrentUser returns the user profile when signed in" time="0.001">
    </testcase>
    <testcase classname="sendResetEmail resolves successfully" name="sendResetEmail resolves successfully" time="0">
    </testcase>
    <testcase classname="sendResetEmail throws a friendly message on error" name="sendResetEmail throws a friendly message on error" time="0.001">
    </testcase>
    <testcase classname="logoutUser calls signOut and returns success" name="logoutUser calls signOut and returns success" time="0.002">
    </testcase>
  </testsuite>
  <testsuite name="GivingScreen rendering" errors="0" failures="0" skipped="0" timestamp="2026-07-29T18:46:49" time="5.053" tests="9">
    <testcase classname="GivingScreen rendering renders fund options and defaults to the first fund and R100" name="GivingScreen rendering renders fund options and defaults to the first fund and R100" time="1.446">
    </testcase>
    <testcase classname="GivingScreen rendering does not show the visitor name field for a signed-in member" name="GivingScreen rendering does not show the visitor name field for a signed-in member" time="0.115">
    </testcase>
    <testcase classname="GivingScreen rendering shows the visitor name field for a visitor (no uid)" name="GivingScreen rendering shows the visitor name field for a visitor (no uid)" time="0.116">
    </testcase>
    <testcase classname="GivingScreen amount validation shows an error and does not submit when &quot;Other&quot; is selected with no amount entered" name="GivingScreen amount validation shows an error and does not submit when &quot;Other&quot; is selected with no amount entered" time="0.143">
    </testcase>
    <testcase classname="GivingScreen amount validation rejects a custom amount below R10" name="GivingScreen amount validation rejects a custom amount below R10" time="0.224">
    </testcase>
    <testcase classname="GivingScreen member giving logs the transaction with the member reference and opens the bank details modal" name="GivingScreen member giving logs the transaction with the member reference and opens the bank details modal" time="0.179">
    </testcase>
    <testcase classname="GivingScreen visitor (anonymous) giving logs an anonymous transaction with a default reference when no name is entered" name="GivingScreen visitor (anonymous) giving logs an anonymous transaction with a default reference when no name is entered" time="0.187">
    </testcase>
    <testcase classname="GivingScreen visitor (anonymous) giving uses the entered name in the reference when provided" name="GivingScreen visitor (anonymous) giving uses the entered name in the reference when provided" time="0.209">
    </testcase>
    <testcase classname="GivingScreen bank details modal copies the account number to the clipboard" name="GivingScreen bank details modal copies the account number to the clipboard" time="0.098">
    </testcase>
  </testsuite>
  <testsuite name="PrayerWallScreen rendering" errors="0" failures="0" skipped="0" timestamp="2026-07-29T18:46:49" time="5.162" tests="15">
    <testcase classname="PrayerWallScreen rendering renders the Prayer Wall title" name="PrayerWallScreen rendering renders the Prayer Wall title" time="1.233">
    </testcase>
    <testcase classname="PrayerWallScreen rendering shows National and District scope toggles" name="PrayerWallScreen rendering shows National and District scope toggles" time="0.141">
    </testcase>
    <testcase classname="PrayerWallScreen rendering renders prayer requests after loading" name="PrayerWallScreen rendering renders prayer requests after loading" time="0.072">
    </testcase>
    <testcase classname="PrayerWallScreen rendering shows empty state when no requests" name="PrayerWallScreen rendering shows empty state when no requests" time="0.065">
    </testcase>
    <testcase classname="PrayerWallScreen scope toggle calls getPrayerRequests with national scope by default" name="PrayerWallScreen scope toggle calls getPrayerRequests with national scope by default" time="0.053">
    </testcase>
    <testcase classname="PrayerWallScreen scope toggle re-fetches with district scope when District is pressed" name="PrayerWallScreen scope toggle re-fetches with district scope when District is pressed" time="0.144">
    </testcase>
    <testcase classname="PrayerWallScreen submit shows alert when body is empty" name="PrayerWallScreen submit shows alert when body is empty" time="0.076">
    </testcase>
    <testcase classname="PrayerWallScreen submit prevents visitor from submitting" name="PrayerWallScreen submit prevents visitor from submitting" time="0.076">
    </testcase>
    <testcase classname="PrayerWallScreen submit submits request and reloads list on success" name="PrayerWallScreen submit submits request and reloads list on success" time="0.33">
    </testcase>
    <testcase classname="PrayerWallScreen praying calls prayForRequest with the request id and user uid" name="PrayerWallScreen praying calls prayForRequest with the request id and user uid" time="0.175">
    </testcase>
    <testcase classname="PrayerWallScreen praying increments prayCount in UI when action is added" name="PrayerWallScreen praying increments prayCount in UI when action is added" time="0.153">
    </testcase>
    <testcase classname="PrayerWallScreen praying decrements prayCount in UI when action is removed" name="PrayerWallScreen praying decrements prayCount in UI when action is removed" time="0.136">
    </testcase>
    <testcase classname="PrayerWallScreen praying shows error alert when prayForRequest fails" name="PrayerWallScreen praying shows error alert when prayForRequest fails" time="0.135">
    </testcase>
    <testcase classname="PrayerWallScreen double-submit guards replaces the submit button with a spinner while in flight and only submits once" name="PrayerWallScreen double-submit guards replaces the submit button with a spinner while in flight and only submits once" time="0.146">
    </testcase>
    <testcase classname="PrayerWallScreen double-submit guards does not call prayForRequest twice for the same request when tapped rapidly" name="PrayerWallScreen double-submit guards does not call prayForRequest twice for the same request when tapped rapidly" time="0.087">
    </testcase>
  </testsuite>
  <testsuite name="getPrayerRequests" errors="0" failures="0" skipped="0" timestamp="2026-07-29T18:46:54" time="0.28" tests="25">
    <testcase classname="getPrayerRequests returns national requests by default" name="getPrayerRequests returns national requests by default" time="0.003">
    </testcase>
    <testcase classname="getPrayerRequests returns district requests when scope is district and district provided" name="getPrayerRequests returns district requests when scope is district and district provided" time="0.002">
    </testcase>
    <testcase classname="getPrayerRequests returns empty array on error" name="getPrayerRequests returns empty array on error" time="0">
    </testcase>
    <testcase classname="getUserPrayerRequests returns the user&apos;s own submitted requests" name="getUserPrayerRequests returns the user&apos;s own submitted requests" time="0.001">
    </testcase>
    <testcase classname="getUserPrayerRequests returns empty array on error" name="getUserPrayerRequests returns empty array on error" time="0.001">
    </testcase>
    <testcase classname="submitPrayerRequest creates a prayer request with correct payload" name="submitPrayerRequest creates a prayer request with correct payload" time="0.001">
    </testcase>
    <testcase classname="submitPrayerRequest throws on failure" name="submitPrayerRequest throws on failure" time="0.001">
    </testcase>
    <testcase classname="prayForRequest adds user to prayingBy when they have not prayed" name="prayForRequest adds user to prayingBy when they have not prayed" time="0.001">
    </testcase>
    <testcase classname="prayForRequest removes user from prayingBy when they already prayed" name="prayForRequest removes user from prayingBy when they already prayed" time="0.001">
    </testcase>
    <testcase classname="prayForRequest throws when the request does not exist" name="prayForRequest throws when the request does not exist" time="0.001">
    </testcase>
    <testcase classname="getLiveStatus returns stored config when the document exists" name="getLiveStatus returns stored config when the document exists" time="0.006">
    </testcase>
    <testcase classname="getLiveStatus returns safe defaults when document does not exist" name="getLiveStatus returns safe defaults when document does not exist" time="0.004">
    </testcase>
    <testcase classname="getLiveStatus returns safe defaults on error" name="getLiveStatus returns safe defaults on error" time="0">
    </testcase>
    <testcase classname="registerForEvent sets registration doc and increments attendee count" name="registerForEvent sets registration doc and increments attendee count" time="0.001">
    </testcase>
    <testcase classname="registerForEvent throws on failure" name="registerForEvent throws on failure" time="0.001">
    </testcase>
    <testcase classname="getUpcomingEvents returns empty array on error" name="getUpcomingEvents returns empty array on error" time="0.003">
    </testcase>
    <testcase classname="getUpcomingEvents returns upcoming events sorted by date, filtering out past events" name="getUpcomingEvents returns upcoming events sorted by date, filtering out past events" time="0.001">
    </testcase>
    <testcase classname="getUserProfile returns user data when document exists" name="getUserProfile returns user data when document exists" time="0">
    </testcase>
    <testcase classname="getUserProfile returns null when document does not exist" name="getUserProfile returns null when document does not exist" time="0.001">
    </testcase>
    <testcase classname="updateUserProfile only writes allowed fields" name="updateUserProfile only writes allowed fields" time="0">
    </testcase>
    <testcase classname="logGivingTransaction writes to both givingHistory and givingTransactions for a signed-in user" name="logGivingTransaction writes to both givingHistory and givingTransactions for a signed-in user" time="0.001">
    </testcase>
    <testcase classname="logGivingTransaction writes only to givingTransactions for an anonymous visitor (no userId)" name="logGivingTransaction writes only to givingTransactions for an anonymous visitor (no userId)" time="0.001">
    </testcase>
    <testcase classname="logGivingTransaction throws on failure" name="logGivingTransaction throws on failure" time="0">
    </testcase>
    <testcase classname="createUserNotification writes a notification doc with the expected shape" name="createUserNotification writes a notification doc with the expected shape" time="0.001">
    </testcase>
    <testcase classname="createUserNotification never throws — returns success:false on failure" name="createUserNotification never throws — returns success:false on failure" time="0.001">
    </testcase>
  </testsuite>
  <testsuite name="createMerchOrder" errors="0" failures="0" skipped="0" timestamp="2026-07-29T18:46:54" time="0.179" tests="12">
    <testcase classname="createMerchOrder creates an order doc with computed total and reference" name="createMerchOrder creates an order doc with computed total and reference" time="0.004">
    </testcase>
    <testcase classname="createMerchOrder throws on failure" name="createMerchOrder throws on failure" time="0.001">
    </testcase>
    <testcase classname="submitOrderPayment uploads proof and updates the order to payment_submitted" name="submitOrderPayment uploads proof and updates the order to payment_submitted" time="0.002">
    </testcase>
    <testcase classname="submitOrderPayment throws when upload fails" name="submitOrderPayment throws when upload fails" time="0">
    </testcase>
    <testcase classname="getUserMerchOrders returns the mapped list of orders for a user" name="getUserMerchOrders returns the mapped list of orders for a user" time="0.001">
    </testcase>
    <testcase classname="getUserMerchOrders returns empty array on error" name="getUserMerchOrders returns empty array on error" time="0.001">
    </testcase>
    <testcase classname="getPendingMerchOrders fetches all payment_submitted orders for admins" name="getPendingMerchOrders fetches all payment_submitted orders for admins" time="0.001">
    </testcase>
    <testcase classname="getPendingMerchOrders filters by congregation for leaders" name="getPendingMerchOrders filters by congregation for leaders" time="0">
    </testcase>
    <testcase classname="approveMerchOrder updates order status to approved and notifies the owner" name="approveMerchOrder updates order status to approved and notifies the owner" time="0.002">
    </testcase>
    <testcase classname="approveMerchOrder throws on failure" name="approveMerchOrder throws on failure" time="0.001">
    </testcase>
    <testcase classname="rejectMerchOrder updates order status to rejected with reason and notifies the owner" name="rejectMerchOrder updates order status to rejected with reason and notifies the owner" time="0.001">
    </testcase>
    <testcase classname="rejectMerchOrder throws on failure" name="rejectMerchOrder throws on failure" time="0.001">
    </testcase>
  </testsuite>
  <testsuite name="GivingHistoryScreen" errors="0" failures="0" skipped="0" timestamp="2026-07-29T18:46:53" time="1.01" tests="3">
    <testcase classname="GivingHistoryScreen shows the total and each transaction" name="GivingHistoryScreen shows the total and each transaction" time="0.295">
    </testcase>
    <testcase classname="GivingHistoryScreen shows an empty state when there is no giving history" name="GivingHistoryScreen shows an empty state when there is no giving history" time="0.059">
    </testcase>
    <testcase classname="GivingHistoryScreen labels event registration fees distinctly from a fund" name="GivingHistoryScreen labels event registration fees distinctly from a fund" time="0.056">
    </testcase>
  </testsuite>
  <testsuite name="submitPOP" errors="0" failures="0" skipped="0" timestamp="2026-07-29T18:46:54" time="0.143" tests="13">
    <testcase classname="submitPOP uploads file and writes POP + user status atomically" name="submitPOP uploads file and writes POP + user status atomically" time="0.003">
    </testcase>
    <testcase classname="submitPOP throws when file upload fails" name="submitPOP throws when file upload fails" time="0.002">
    </testcase>
    <testcase classname="submitPOP falls back to an inferred contentType when the file has no mimeType" name="submitPOP falls back to an inferred contentType when the file has no mimeType" time="0">
    </testcase>
    <testcase classname="submitPOP never sends an undefined contentType to Storage (would fail the rules regex)" name="submitPOP never sends an undefined contentType to Storage (would fail the rules regex)" time="0.001">
    </testcase>
    <testcase classname="getPendingPOPs fetches all pending POPs for admins" name="getPendingPOPs fetches all pending POPs for admins" time="0">
    </testcase>
    <testcase classname="getPendingPOPs filters by congregation for leaders" name="getPendingPOPs filters by congregation for leaders" time="0.001">
    </testcase>
    <testcase classname="getPendingPOPs returns empty array on error" name="getPendingPOPs returns empty array on error" time="0">
    </testcase>
    <testcase classname="approvePOP updates POP status to approved and user popStatus" name="approvePOP updates POP status to approved and user popStatus" time="0.002">
    </testcase>
    <testcase classname="approvePOP throws on failure" name="approvePOP throws on failure" time="0">
    </testcase>
    <testcase classname="approvePOP creates a pop_status notification for the POP owner" name="approvePOP creates a pop_status notification for the POP owner" time="0.001">
    </testcase>
    <testcase classname="rejectPOP updates POP status to rejected with reason" name="rejectPOP updates POP status to rejected with reason" time="0">
    </testcase>
    <testcase classname="rejectPOP throws on failure" name="rejectPOP throws on failure" time="0.001">
    </testcase>
    <testcase classname="rejectPOP creates a pop_status notification including the rejection reason" name="rejectPOP creates a pop_status notification including the rejection reason" time="0">
    </testcase>
  </testsuite>
</testsuites>