<?xml version="1.0" encoding="UTF-8"?>
<testsuites name="jest tests" tests="8" failures="0" errors="0" time="2.321">
  <testsuite name="LoginScreen rendering" errors="0" failures="0" skipped="0" timestamp="2026-08-05T22:07:11" time="2.202" tests="8">
    <testcase classname="LoginScreen rendering renders the church title and welcome heading" name="LoginScreen rendering renders the church title and welcome heading" time="0.444">
    </testcase>
    <testcase classname="LoginScreen rendering renders email and password inputs" name="LoginScreen rendering renders email and password inputs" time="0.018">
    </testcase>
    <testcase classname="LoginScreen validation shows an alert when fields are empty" name="LoginScreen validation shows an alert when fields are empty" time="0.027">
    </testcase>
    <testcase classname="LoginScreen login flow calls loginUser with trimmed credentials" name="LoginScreen login flow calls loginUser with trimmed credentials" time="0.045">
    </testcase>
    <testcase classname="LoginScreen login flow calls onLogin with user data on success" name="LoginScreen login flow calls onLogin with user data on success" time="0.039">
    </testcase>
    <testcase classname="LoginScreen login flow shows an alert on login failure" name="LoginScreen login flow shows an alert on login failure" time="0.038">
    </testcase>
    <testcase classname="LoginScreen continue as visitor signs out any lingering session before switching to visitor mode" name="LoginScreen continue as visitor signs out any lingering session before switching to visitor mode" time="0.018">
    </testcase>
    <testcase classname="LoginScreen continue as visitor still switches to visitor mode even if signOut fails" name="LoginScreen continue as visitor still switches to visitor mode even if signOut fails" time="0.015">
    </testcase>
  </testsuite>
</testsuites>